[debug] [2020-10-23T23:50:29.693Z] ----------------------------------------------------------------------
[debug] [2020-10-23T23:50:29.695Z] Command:       C:\Program Files\nodejs\node.exe C:\Users\Doris\AppData\Roaming\npm\node_modules\firebase-tools\lib\bin\firebase.js emulators:start
[debug] [2020-10-23T23:50:29.695Z] CLI Version:   8.13.1
[debug] [2020-10-23T23:50:29.695Z] Platform:      win32
[debug] [2020-10-23T23:50:29.695Z] Node Version:  v12.16.3
[debug] [2020-10-23T23:50:29.696Z] Time:          Fri Oct 23 2020 19:50:29 GMT-0400 (Eastern Daylight Time)
[debug] [2020-10-23T23:50:29.696Z] ----------------------------------------------------------------------
[debug] [2020-10-23T23:50:29.696Z] 
[debug] [2020-10-23T23:50:29.702Z] > command requires scopes: ["email","openid","https://www.googleapis.com/auth/cloudplatformprojects.readonly","https://www.googleapis.com/auth/firebase","https://www.googleapis.com/auth/cloud-platform"]
[debug] [2020-10-23T23:50:29.702Z] > authorizing via signed-in user
[info] i  emulators: Starting emulators: functions, hosting {"metadata":{"emulator":{"name":"hub"},"message":"Starting emulators: functions, hosting"}}
[debug] [2020-10-23T23:50:31.740Z] [hub] writing locator at C:\Users\Doris\AppData\Local\Temp\hub-ikea-clone-8d049.json
[warn] !  functions: The following emulators are not running, calls to these services from the Functions emulator will affect production: auth, firestore, database, pubsub {"metadata":{"emulator":{"name":"functions"},"message":"The following emulators are not running, calls to these services from the Functions emulator will affect production: \u001b[1mauth, firestore, database, pubsub\u001b[22m"}}
[info] +  functions: Using node@12 from host. {"metadata":{"emulator":{"name":"functions"},"message":"Using node@12 from host."}}
[debug] [2020-10-23T23:50:33.794Z] defaultcredentials: writing to file C:\Users\Doris\AppData\Roaming\firebase\g110438016_grad_ntue.edu.tw_application_default_credentials.json
[debug] [2020-10-23T23:50:33.795Z] Setting GAC to C:\Users\Doris\AppData\Roaming\firebase\g110438016_grad_ntue.edu.tw_application_default_credentials.json {"metadata":{"emulator":{"name":"functions"},"message":"Setting GAC to C:\\Users\\Doris\\AppData\\Roaming\\firebase\\g110438016_grad_ntue.edu.tw_application_default_credentials.json"}}
[debug] [2020-10-23T23:50:35.827Z] >>> HTTP REQUEST GET https://firebase.googleapis.com/v1beta1/projects/ikea-clone-8d049/webApps/-/config  
 
[debug] [2020-10-23T23:50:36.198Z] <<< HTTP RESPONSE 200 {"content-type":"application/json; charset=UTF-8","vary":"X-Origin, Referer, Origin,Accept-Encoding","date":"Fri, 23 Oct 2020 23:50:36 GMT","server":"ESF","cache-control":"private","x-xss-protection":"0","x-frame-options":"SAMEORIGIN","x-content-type-options":"nosniff","alt-svc":"h3-Q050=\":443\"; ma=2592000,h3-29=\":443\"; ma=2592000,h3-T051=\":443\"; ma=2592000,h3-T050=\":443\"; ma=2592000,h3-Q046=\":443\"; ma=2592000,h3-Q043=\":443\"; ma=2592000,quic=\":443\"; ma=2592000; v=\"46,43\"","accept-ranges":"none","transfer-encoding":"chunked"}
[info] i  hosting: Serving hosting files from: build {"metadata":{"emulator":{"name":"hosting"},"message":"Serving hosting files from: \u001b[1mbuild\u001b[22m"}}
[info] +  hosting: Local server: http://localhost:5000 {"metadata":{"emulator":{"name":"hosting"},"message":"Local server: \u001b[4m\u001b[1mhttp://localhost:5000\u001b[22m\u001b[24m"}}
[debug] [2020-10-23T23:50:40.290Z] Ignoring unsupported arg: auto_download {"metadata":{"emulator":{"name":"ui"},"message":"Ignoring unsupported arg: auto_download"}}
[debug] [2020-10-23T23:50:40.291Z] Ignoring unsupported arg: port {"metadata":{"emulator":{"name":"ui"},"message":"Ignoring unsupported arg: port"}}
[debug] [2020-10-23T23:50:40.291Z] Starting Emulator UI with command {"binary":"node","args":["C:\\Users\\Doris\\.cache\\firebase\\emulators\\ui-v1.1.1\\server.bundle.js"],"optionalArgs":[],"joinArgs":false} {"metadata":{"emulator":{"name":"ui"},"message":"Starting Emulator UI with command {\"binary\":\"node\",\"args\":[\"C:\\\\Users\\\\Doris\\\\.cache\\\\firebase\\\\emulators\\\\ui-v1.1.1\\\\server.bundle.js\"],\"optionalArgs\":[],\"joinArgs\":false}"}}
[info] i  ui: Emulator UI logging to ui-debug.log {"metadata":{"emulator":{"name":"ui"},"message":"Emulator UI logging to \u001b[1mui-debug.log\u001b[22m"}}
[debug] [2020-10-23T23:50:40.374Z] Web / API server started at http://localhost:4000
 {"metadata":{"emulator":{"name":"ui"},"message":"Web / API server started at http://localhost:4000\n"}}
[info] i  functions: Watching "D:\Programming\JS Extra Learning\ikea-clone\functions" for Cloud Functions... {"metadata":{"emulator":{"name":"functions"},"message":"Watching \"D:\\Programming\\JS Extra Learning\\ikea-clone\\functions\" for Cloud Functions..."}}
[debug] [2020-10-23T23:50:40.814Z] [worker-pool] addWorker(~diagnostic~) {"metadata":{"emulator":{"name":"functions"},"message":"[worker-pool] addWorker(~diagnostic~)"}}
[debug] [2020-10-23T23:50:40.814Z] [worker-pool] Adding worker with key ~diagnostic~, total=1 {"metadata":{"emulator":{"name":"functions"},"message":"[worker-pool] Adding worker with key ~diagnostic~, total=1"}}
[debug] [2020-10-23T23:50:40.814Z] [worker-pool] submitWork(triggerId=) {"metadata":{"emulator":{"name":"functions"},"message":"[worker-pool] submitWork(triggerId=)"}}
[debug] [2020-10-23T23:50:40.814Z] [worker-~diagnostic~-7109712b-1bbc-468b-bae3-d4bc180fdcb0]: Assigning socketPath: \\?\pipe\D:\Programming\JS Extra Learning\ikea-clone\functions\30236 {"metadata":{"emulator":{"name":"functions"},"message":"[worker-~diagnostic~-7109712b-1bbc-468b-bae3-d4bc180fdcb0]: Assigning socketPath: \\\\?\\pipe\\D:\\Programming\\JS Extra Learning\\ikea-clone\\functions\\30236"}}
[debug] [2020-10-23T23:50:40.815Z] [worker-~diagnostic~-7109712b-1bbc-468b-bae3-d4bc180fdcb0]: BUSY {"metadata":{"emulator":{"name":"functions"},"message":"[worker-~diagnostic~-7109712b-1bbc-468b-bae3-d4bc180fdcb0]: BUSY"}}
